[debug] [2021-09-12T05:27:57.200Z] ----------------------------------------------------------------------
[debug] [2021-09-12T05:27:57.201Z] Command:       /home/ida/.nvm/versions/node/v14.16.1/bin/node /home/ida/.nvm/versions/node/v14.16.1/bin/firebase serve
[debug] [2021-09-12T05:27:57.201Z] CLI Version:   9.18.0
[debug] [2021-09-12T05:27:57.201Z] Platform:      linux
[debug] [2021-09-12T05:27:57.201Z] Node Version:  v14.16.1
[debug] [2021-09-12T05:27:57.202Z] Time:          Sun Sep 12 2021 08:27:57 GMT+0300 (East Africa Time)
[debug] [2021-09-12T05:27:57.202Z] ----------------------------------------------------------------------
[debug] 
[debug] [2021-09-12T05:27:57.250Z] > command requires scopes: ["email","openid","https://www.googleapis.com/auth/cloudplatformprojects.readonly","https://www.googleapis.com/auth/firebase","https://www.googleapis.com/auth/cloud-platform"]
[debug] [2021-09-12T05:27:57.250Z] > authorizing via signed-in user (idaapayo@gmail.com)
[debug] [2021-09-12T05:27:57.250Z] [iam] checking project grassroots-try for permissions ["firebase.projects.get"]
[debug] [2021-09-12T05:27:57.252Z] >>> HTTP REQUEST POST https://cloudresourcemanager.googleapis.com/v1/projects/grassroots-try:testIamPermissions  
 {"permissions":["firebase.projects.get"]}
[debug] [2021-09-12T05:27:59.681Z] <<< HTTP RESPONSE 200 {"content-type":"application/json; charset=UTF-8","vary":"X-Origin, Referer, Origin,Accept-Encoding","date":"Sun, 12 Sep 2021 05:27:58 GMT","server":"ESF","cache-control":"private","x-xss-protection":"0","x-frame-options":"SAMEORIGIN","x-content-type-options":"nosniff","server-timing":"gfet4t7; dur=1290","alt-svc":"h3=\":443\"; ma=2592000,h3-29=\":443\"; ma=2592000,h3-T051=\":443\"; ma=2592000,h3-Q050=\":443\"; ma=2592000,h3-Q046=\":443\"; ma=2592000,h3-Q043=\":443\"; ma=2592000,quic=\":443\"; ma=2592000; v=\"46,43\"","accept-ranges":"none","transfer-encoding":"chunked"}
[debug] [2021-09-12T05:27:59.682Z] > refreshing access token with scopes: []
[debug] [2021-09-12T05:27:59.683Z] >>> HTTP REQUEST POST https://www.googleapis.com/oauth2/v3/token  
 <request body omitted>
[debug] [2021-09-12T05:28:01.210Z] <<< HTTP RESPONSE 200 {"pragma":"no-cache","date":"Sun, 12 Sep 2021 05:28:00 GMT","cache-control":"no-cache, no-store, max-age=0, must-revalidate","expires":"Mon, 01 Jan 1990 00:00:00 GMT","content-type":"application/json; charset=utf-8","vary":"X-Origin, Referer, Origin,Accept-Encoding","server":"scaffolding on HTTPServer2","x-xss-protection":"0","x-frame-options":"SAMEORIGIN","x-content-type-options":"nosniff","alt-svc":"h3=\":443\"; ma=2592000,h3-29=\":443\"; ma=2592000,h3-T051=\":443\"; ma=2592000,h3-Q050=\":443\"; ma=2592000,h3-Q046=\":443\"; ma=2592000,h3-Q043=\":443\"; ma=2592000,quic=\":443\"; ma=2592000; v=\"46,43\"","accept-ranges":"none","transfer-encoding":"chunked"}
[debug] [2021-09-12T05:28:03.015Z] >>> [apiv2][query] GET https://firebase.googleapis.com/v1beta1/projects/grassroots-try [none]
[debug] [2021-09-12T05:28:04.597Z] <<< [apiv2][status] GET https://firebase.googleapis.com/v1beta1/projects/grassroots-try 200
[debug] [2021-09-12T05:28:04.597Z] <<< [apiv2][body] GET https://firebase.googleapis.com/v1beta1/projects/grassroots-try {"projectId":"grassroots-try","projectNumber":"1096848068752","displayName":"grassroots-try","name":"projects/grassroots-try","resources":{"hostingSite":"grassroots-try"},"state":"ACTIVE"}
[info] 
[info] === Serving from '/home/ida/grassroots/websites/grassroots-pelican'...
[info] 
[debug] [2021-09-12T05:28:04.599Z] >>> [apiv2][query] GET https://firebasehosting.googleapis.com/v1beta1/projects/grassroots-try/sites 
[debug] [2021-09-12T05:28:07.974Z] <<< [apiv2][status] GET https://firebasehosting.googleapis.com/v1beta1/projects/grassroots-try/sites 200
[debug] [2021-09-12T05:28:07.975Z] <<< [apiv2][body] GET https://firebasehosting.googleapis.com/v1beta1/projects/grassroots-try/sites {"sites":[{"name":"projects/1096848068752/sites/grassroots-try","defaultUrl":"https://grassroots-try.web.app","type":"DEFAULT_SITE"}]}
[debug] [2021-09-12T05:28:07.975Z] >>> [apiv2][query] GET https://firebase.googleapis.com/v1beta1/projects/grassroots-try/webApps/-/config [none]
[debug] [2021-09-12T05:28:09.746Z] <<< [apiv2][status] GET https://firebase.googleapis.com/v1beta1/projects/grassroots-try/webApps/-/config 200
[debug] [2021-09-12T05:28:09.746Z] <<< [apiv2][body] GET https://firebase.googleapis.com/v1beta1/projects/grassroots-try/webApps/-/config {"projectId":"grassroots-try","storageBucket":"grassroots-try.appspot.com","apiKey":"AIzaSyB5nu7TSPatVigOps5AVPWjvQKLA5dBEIk","authDomain":"grassroots-try.firebaseapp.com","messagingSenderId":"1096848068752"}
[info] i  hosting: Serving hosting files from: output {"metadata":{"emulator":{"name":"hosting"},"message":"Serving hosting files from: \u001b[1moutput\u001b[22m"}}
[info] ✔  hosting: Local server: http://localhost:5000 {"metadata":{"emulator":{"name":"hosting"},"message":"Local server: \u001b[4m\u001b[1mhttp://localhost:5000\u001b[22m\u001b[24m"}}
[info] i  hosting: 127.0.0.1 - - [12/Sep/2021:05:28:15 +0000] "GET / HTTP/1.1" 200 9109 "-" "Mozilla/5.0 (X11; Linux x86_64) AppleWebKit/537.36 (KHTML, like Gecko) Chrome/91.0.4472.114 Safari/537.36" {"metadata":{"emulator":{"name":"hosting"},"message":"127.0.0.1 - - [12/Sep/2021:05:28:15 +0000] \"GET / HTTP/1.1\" 200 9109 \"-\" \"Mozilla/5.0 (X11; Linux x86_64) AppleWebKit/537.36 (KHTML, like Gecko) Chrome/91.0.4472.114 Safari/537.36\""}}
[info] i  hosting: 127.0.0.1 - - [12/Sep/2021:05:28:15 +0000] "GET /favicon.ico HTTP/1.1" 200 1562 "http://127.0.0.1:5000/" "Mozilla/5.0 (X11; Linux x86_64) AppleWebKit/537.36 (KHTML, like Gecko) Chrome/91.0.4472.114 Safari/537.36" {"metadata":{"emulator":{"name":"hosting"},"message":"127.0.0.1 - - [12/Sep/2021:05:28:15 +0000] \"GET /favicon.ico HTTP/1.1\" 200 1562 \"http://127.0.0.1:5000/\" \"Mozilla/5.0 (X11; Linux x86_64) AppleWebKit/537.36 (KHTML, like Gecko) Chrome/91.0.4472.114 Safari/537.36\""}}
